# JRE version: Java(TM) SE Runtime Environment (8.0_172-b11) (build 1.8.0_172-b11)
# Java VM: Java HotSpot(TM) 64-Bit Server VM (25.172-b11 mixed mode windows-amd64 compressed oops)
Heap:
 PSYoungGen      total 178688K, used 23830K [0x00000000d5b00000, 0x00000000e3800000, 0x0000000100000000)
  eden space 167424K, 14% used [0x00000000d5b00000,0x00000000d72458f0,0x00000000dfe80000)
  from space 11264K, 0% used [0x00000000e0d00000,0x00000000e0d00000,0x00000000e1800000)
  to   space 14848K, 0% used [0x00000000dfe80000,0x00000000dfe80000,0x00000000e0d00000)
 ParOldGen       total 53760K, used 20290K [0x0000000081000000, 0x0000000084480000, 0x00000000d5b00000)
  object space 53760K, 37% used [0x0000000081000000,0x00000000823d0838,0x0000000084480000)
 Metaspace       used 36929K, capacity 38224K, committed 38488K, reserved 1083392K
  class space    used 4911K, capacity 5164K, committed 5248K, reserved 1048576K
GC Heap History (10 events):
Event: 1.313 GC heap before
{Heap before GC invocations=6 (full 1):
 PSYoungGen      total 71680K, used 5110K [0x00000000d5b00000, 0x00000000def00000, 0x0000000100000000)
  eden space 66560K, 0% used [0x00000000d5b00000,0x00000000d5b00000,0x00000000d9c00000)
  from space 5120K, 99% used [0x00000000d9c00000,0x00000000da0fda48,0x00000000da100000)
  to   space 9216K, 0% used [0x00000000de600000,0x00000000de600000,0x00000000def00000)
 ParOldGen       total 87552K, used 6385K [0x0000000081000000, 0x0000000086580000, 0x00000000d5b00000)
  object space 87552K, 7% used [0x0000000081000000,0x000000008163c5d8,0x0000000086580000)
 Metaspace       used 20645K, capacity 21148K, committed 21248K, reserved 1067008K
  class space    used 2654K, capacity 2792K, committed 2816K, reserved 1048576K
Event: 1.341 GC heap after
Heap after GC invocations=6 (full 1):
 PSYoungGen      total 71680K, used 0K [0x00000000d5b00000, 0x00000000def00000, 0x0000000100000000)
  eden space 66560K, 0% used [0x00000000d5b00000,0x00000000d5b00000,0x00000000d9c00000)
  from space 5120K, 0% used [0x00000000d9c00000,0x00000000d9c00000,0x00000000da100000)
  to   space 9216K, 0% used [0x00000000de600000,0x00000000de600000,0x00000000def00000)
 ParOldGen       total 53760K, used 5670K [0x0000000081000000, 0x0000000084480000, 0x00000000d5b00000)
  object space 53760K, 10% used [0x0000000081000000,0x00000000815899a8,0x0000000084480000)
 Metaspace       used 20645K, capacity 21148K, committed 21248K, reserved 1067008K
  class space    used 2654K, capacity 2792K, committed 2816K, reserved 1048576K
}
Event: 1.781 GC heap before
{Heap before GC invocations=7 (full 1):
 PSYoungGen      total 71680K, used 66560K [0x00000000d5b00000, 0x00000000def00000, 0x0000000100000000)
  eden space 66560K, 100% used [0x00000000d5b00000,0x00000000d9c00000,0x00000000d9c00000)
  from space 5120K, 0% used [0x00000000d9c00000,0x00000000d9c00000,0x00000000da100000)
  to   space 9216K, 0% used [0x00000000de600000,0x00000000de600000,0x00000000def00000)
 ParOldGen       total 53760K, used 5679K [0x0000000081000000, 0x0000000084480000, 0x00000000d5b00000)
  object space 53760K, 10% used [0x0000000081000000,0x000000008158be00,0x0000000084480000)
 Metaspace       used 23634K, capacity 24314K, committed 24448K, reserved 1071104K
  class space    used 3005K, capacity 3189K, committed 3200K, reserved 1048576K
Event: 1.787 GC heap after
Heap after GC invocations=7 (full 1):
 PSYoungGen      total 113152K, used 4207K [0x00000000d5b00000, 0x00000000dea80000, 0x0000000100000000)
  eden space 108544K, 0% used [0x00000000d5b00000,0x00000000d5b00000,0x00000000dc500000)
  from space 4608K, 91% used [0x00000000de600000,0x00000000dea1bcc8,0x00000000dea80000)
  to   space 9216K, 0% used [0x00000000dd880000,0x00000000dd880000,0x00000000de180000)
 ParOldGen       total 53760K, used 5751K [0x0000000081000000, 0x0000000084480000, 0x00000000d5b00000)
  object space 53760K, 10% used [0x0000000081000000,0x000000008159de10,0x0000000084480000)
 Metaspace       used 23634K, capacity 24314K, committed 24448K, reserved 1071104K
  class space    used 3005K, capacity 3189K, committed 3200K, reserved 1048576K
}
Event: 3.772 GC heap before
{Heap before GC invocations=8 (full 1):
 PSYoungGen      total 113152K, used 112751K [0x00000000d5b00000, 0x00000000dea80000, 0x0000000100000000)
  eden space 108544K, 100% used [0x00000000d5b00000,0x00000000dc500000,0x00000000dc500000)
  from space 4608K, 91% used [0x00000000de600000,0x00000000dea1bcc8,0x00000000dea80000)
  to   space 9216K, 0% used [0x00000000dd880000,0x00000000dd880000,0x00000000de180000)
 ParOldGen       total 53760K, used 5751K [0x0000000081000000, 0x0000000084480000, 0x00000000d5b00000)
  object space 53760K, 10% used [0x0000000081000000,0x000000008159de10,0x0000000084480000)
 Metaspace       used 29401K, capacity 30600K, committed 30720K, reserved 1075200K
  class space    used 3782K, capacity 4038K, committed 4096K, reserved 1048576K
Event: 3.783 GC heap after
Heap after GC invocations=8 (full 1):
 PSYoungGen      total 137728K, used 9212K [0x00000000d5b00000, 0x00000000e1800000, 0x0000000100000000)
  eden space 128512K, 0% used [0x00000000d5b00000,0x00000000d5b00000,0x00000000dd880000)
  from space 9216K, 99% used [0x00000000dd880000,0x00000000de17f220,0x00000000de180000)
  to   space 11264K, 0% used [0x00000000e0d00000,0x00000000e0d00000,0x00000000e1800000)
 ParOldGen       total 53760K, used 7290K [0x0000000081000000, 0x0000000084480000, 0x00000000d5b00000)
  object space 53760K, 13% used [0x0000000081000000,0x000000008171e9b8,0x0000000084480000)
 Metaspace       used 29401K, capacity 30600K, committed 30720K, reserved 1075200K
  class space    used 3782K, capacity 4038K, committed 4096K, reserved 1048576K
}
Event: 5.321 GC heap before
{Heap before GC invocations=9 (full 1):
 PSYoungGen      total 137728K, used 108798K [0x00000000d5b00000, 0x00000000e1800000, 0x0000000100000000)
  eden space 128512K, 77% used [0x00000000d5b00000,0x00000000dbc40930,0x00000000dd880000)
  from space 9216K, 99% used [0x00000000dd880000,0x00000000de17f220,0x00000000de180000)
  to   space 11264K, 0% used [0x00000000e0d00000,0x00000000e0d00000,0x00000000e1800000)
 ParOldGen       total 53760K, used 7290K [0x0000000081000000, 0x0000000084480000, 0x00000000d5b00000)
  object space 53760K, 13% used [0x0000000081000000,0x000000008171e9b8,0x0000000084480000)
 Metaspace       used 34027K, capacity 35310K, committed 35416K, reserved 1079296K
  class space    used 4363K, capacity 4641K, committed 4736K, reserved 1048576K
Event: 5.338 GC heap after
Heap after GC invocations=9 (full 1):
 PSYoungGen      total 178688K, used 11262K [0x00000000d5b00000, 0x00000000e3800000, 0x0000000100000000)
  eden space 167424K, 0% used [0x00000000d5b00000,0x00000000d5b00000,0x00000000dfe80000)
  from space 11264K, 99% used [0x00000000e0d00000,0x00000000e17ffbf8,0x00000000e1800000)
  to   space 14848K, 0% used [0x00000000dfe80000,0x00000000dfe80000,0x00000000e0d00000)
 ParOldGen       total 53760K, used 11960K [0x0000000081000000, 0x0000000084480000, 0x00000000d5b00000)
  object space 53760K, 22% used [0x0000000081000000,0x0000000081bae318,0x0000000084480000)
 Metaspace       used 34027K, capacity 35310K, committed 35416K, reserved 1079296K
  class space    used 4363K, capacity 4641K, committed 4736K, reserved 1048576K
}
Event: 5.338 GC heap before
{Heap before GC invocations=10 (full 2):
 PSYoungGen      total 178688K, used 11262K [0x00000000d5b00000, 0x00000000e3800000, 0x0000000100000000)
  eden space 167424K, 0% used [0x00000000d5b00000,0x00000000d5b00000,0x00000000dfe80000)
  from space 11264K, 99% used [0x00000000e0d00000,0x00000000e17ffbf8,0x00000000e1800000)
  to   space 14848K, 0% used [0x00000000dfe80000,0x00000000dfe80000,0x00000000e0d00000)
 ParOldGen       total 53760K, used 11960K [0x0000000081000000, 0x0000000084480000, 0x00000000d5b00000)
  object space 53760K, 22% used [0x0000000081000000,0x0000000081bae318,0x0000000084480000)
 Metaspace       used 34027K, capacity 35310K, committed 35416K, reserved 1079296K
  class space    used 4363K, capacity 4641K, committed 4736K, reserved 1048576K
Event: 5.420 GC heap after
Heap after GC invocations=10 (full 2):
 PSYoungGen      total 178688K, used 0K [0x00000000d5b00000, 0x00000000e3800000, 0x0000000100000000)
  eden space 167424K, 0% used [0x00000000d5b00000,0x00000000d5b00000,0x00000000dfe80000)
  from space 11264K, 0% used [0x00000000e0d00000,0x00000000e0d00000,0x00000000e1800000)
  to   space 14848K, 0% used [0x00000000dfe80000,0x00000000dfe80000,0x00000000e0d00000)
 ParOldGen       total 53760K, used 20290K [0x0000000081000000, 0x0000000084480000, 0x00000000d5b00000)
  object space 53760K, 37% used [0x0000000081000000,0x00000000823d0838,0x0000000084480000)
 Metaspace       used 34027K, capacity 35310K, committed 35416K, reserved 1079296K
  class space    used 4363K, capacity 4641K, committed 4736K, reserved 1048576K
}

