# JRE version: Java(TM) SE Runtime Environment (8.0_172-b11) (build 1.8.0_172-b11)
# Java VM: Java HotSpot(TM) 64-Bit Server VM (25.172-b11 mixed mode windows-amd64 compressed oops)
Heap:
 PSYoungGen      total 138240K, used 52362K [0x00000000d5b00000, 0x00000000de700000, 0x0000000100000000)
  eden space 133120K, 35% used [0x00000000d5b00000,0x00000000d89268a0,0x00000000ddd00000)
  from space 5120K, 99% used [0x00000000de200000,0x00000000de6fc140,0x00000000de700000)
  to   space 5120K, 0% used [0x00000000ddd00000,0x00000000ddd00000,0x00000000de200000)
 ParOldGen       total 86528K, used 31970K [0x0000000081000000, 0x0000000086480000, 0x00000000d5b00000)
  object space 86528K, 36% used [0x0000000081000000,0x0000000082f38ba0,0x0000000086480000)
 Metaspace       used 49835K, capacity 51926K, committed 52096K, reserved 1093632K
  class space    used 6793K, capacity 7173K, committed 7296K, reserved 1048576K
GC Heap History (10 events):
Event: 2.102 GC heap before
{Heap before GC invocations=6 (full 1):
 PSYoungGen      total 138240K, used 133120K [0x00000000d5b00000, 0x00000000de700000, 0x0000000100000000)
  eden space 133120K, 100% used [0x00000000d5b00000,0x00000000ddd00000,0x00000000ddd00000)
  from space 5120K, 0% used [0x00000000de200000,0x00000000de200000,0x00000000de700000)
  to   space 5120K, 0% used [0x00000000ddd00000,0x00000000ddd00000,0x00000000de200000)
 ParOldGen       total 53248K, used 6259K [0x0000000081000000, 0x0000000084400000, 0x00000000d5b00000)
  object space 53248K, 11% used [0x0000000081000000,0x000000008161ce18,0x0000000084400000)
 Metaspace       used 28272K, capacity 29178K, committed 29312K, reserved 1075200K
  class space    used 3718K, capacity 3949K, committed 3968K, reserved 1048576K
Event: 2.111 GC heap after
Heap after GC invocations=6 (full 1):
 PSYoungGen      total 138240K, used 5108K [0x00000000d5b00000, 0x00000000de700000, 0x0000000100000000)
  eden space 133120K, 0% used [0x00000000d5b00000,0x00000000d5b00000,0x00000000ddd00000)
  from space 5120K, 99% used [0x00000000ddd00000,0x00000000de1fd1c0,0x00000000de200000)
  to   space 5120K, 0% used [0x00000000de200000,0x00000000de200000,0x00000000de700000)
 ParOldGen       total 53248K, used 11544K [0x0000000081000000, 0x0000000084400000, 0x00000000d5b00000)
  object space 53248K, 21% used [0x0000000081000000,0x0000000081b460d8,0x0000000084400000)
 Metaspace       used 28272K, capacity 29178K, committed 29312K, reserved 1075200K
  class space    used 3718K, capacity 3949K, committed 3968K, reserved 1048576K
}
Event: 2.907 GC heap before
{Heap before GC invocations=7 (full 1):
 PSYoungGen      total 138240K, used 118116K [0x00000000d5b00000, 0x00000000de700000, 0x0000000100000000)
  eden space 133120K, 84% used [0x00000000d5b00000,0x00000000dc95bfc8,0x00000000ddd00000)
  from space 5120K, 99% used [0x00000000ddd00000,0x00000000de1fd1c0,0x00000000de200000)
  to   space 5120K, 0% used [0x00000000de200000,0x00000000de200000,0x00000000de700000)
 ParOldGen       total 53248K, used 11544K [0x0000000081000000, 0x0000000084400000, 0x00000000d5b00000)
  object space 53248K, 21% used [0x0000000081000000,0x0000000081b460d8,0x0000000084400000)
 Metaspace       used 34190K, capacity 35366K, committed 35416K, reserved 1079296K
  class space    used 4558K, capacity 4853K, committed 4864K, reserved 1048576K
Event: 2.917 GC heap after
Heap after GC invocations=7 (full 1):
 PSYoungGen      total 138240K, used 5092K [0x00000000d5b00000, 0x00000000de700000, 0x0000000100000000)
  eden space 133120K, 0% used [0x00000000d5b00000,0x00000000d5b00000,0x00000000ddd00000)
  from space 5120K, 99% used [0x00000000de200000,0x00000000de6f9040,0x00000000de700000)
  to   space 5120K, 0% used [0x00000000ddd00000,0x00000000ddd00000,0x00000000de200000)
 ParOldGen       total 53248K, used 17936K [0x0000000081000000, 0x0000000084400000, 0x00000000d5b00000)
  object space 53248K, 33% used [0x0000000081000000,0x0000000082184258,0x0000000084400000)
 Metaspace       used 34190K, capacity 35366K, committed 35416K, reserved 1079296K
  class space    used 4558K, capacity 4853K, committed 4864K, reserved 1048576K
}
Event: 2.917 GC heap before
{Heap before GC invocations=8 (full 2):
 PSYoungGen      total 138240K, used 5092K [0x00000000d5b00000, 0x00000000de700000, 0x0000000100000000)
  eden space 133120K, 0% used [0x00000000d5b00000,0x00000000d5b00000,0x00000000ddd00000)
  from space 5120K, 99% used [0x00000000de200000,0x00000000de6f9040,0x00000000de700000)
  to   space 5120K, 0% used [0x00000000ddd00000,0x00000000ddd00000,0x00000000de200000)
 ParOldGen       total 53248K, used 17936K [0x0000000081000000, 0x0000000084400000, 0x00000000d5b00000)
  object space 53248K, 33% used [0x0000000081000000,0x0000000082184258,0x0000000084400000)
 Metaspace       used 34190K, capacity 35366K, committed 35416K, reserved 1079296K
  class space    used 4558K, capacity 4853K, committed 4864K, reserved 1048576K
Event: 2.972 GC heap after
Heap after GC invocations=8 (full 2):
 PSYoungGen      total 138240K, used 0K [0x00000000d5b00000, 0x00000000de700000, 0x0000000100000000)
  eden space 133120K, 0% used [0x00000000d5b00000,0x00000000d5b00000,0x00000000ddd00000)
  from space 5120K, 0% used [0x00000000de200000,0x00000000de200000,0x00000000de700000)
  to   space 5120K, 0% used [0x00000000ddd00000,0x00000000ddd00000,0x00000000de200000)
 ParOldGen       total 86528K, used 16370K [0x0000000081000000, 0x0000000086480000, 0x00000000d5b00000)
  object space 86528K, 18% used [0x0000000081000000,0x0000000081ffcb18,0x0000000086480000)
 Metaspace       used 34190K, capacity 35366K, committed 35416K, reserved 1079296K
  class space    used 4558K, capacity 4853K, committed 4864K, reserved 1048576K
}
Event: 4.096 GC heap before
{Heap before GC invocations=9 (full 2):
 PSYoungGen      total 138240K, used 133120K [0x00000000d5b00000, 0x00000000de700000, 0x0000000100000000)
  eden space 133120K, 100% used [0x00000000d5b00000,0x00000000ddd00000,0x00000000ddd00000)
  from space 5120K, 0% used [0x00000000de200000,0x00000000de200000,0x00000000de700000)
  to   space 5120K, 0% used [0x00000000ddd00000,0x00000000ddd00000,0x00000000de200000)
 ParOldGen       total 86528K, used 16370K [0x0000000081000000, 0x0000000086480000, 0x00000000d5b00000)
  object space 86528K, 18% used [0x0000000081000000,0x0000000081ffcb18,0x0000000086480000)
 Metaspace       used 45473K, capacity 47012K, committed 47232K, reserved 1089536K
  class space    used 6147K, capacity 6468K, committed 6528K, reserved 1048576K
Event: 4.107 GC heap after
Heap after GC invocations=9 (full 2):
 PSYoungGen      total 138240K, used 5112K [0x00000000d5b00000, 0x00000000de700000, 0x0000000100000000)
  eden space 133120K, 0% used [0x00000000d5b00000,0x00000000d5b00000,0x00000000ddd00000)
  from space 5120K, 99% used [0x00000000ddd00000,0x00000000de1fe140,0x00000000de200000)
  to   space 5120K, 0% used [0x00000000de200000,0x00000000de200000,0x00000000de700000)
 ParOldGen       total 86528K, used 25215K [0x0000000081000000, 0x0000000086480000, 0x00000000d5b00000)
  object space 86528K, 29% used [0x0000000081000000,0x000000008289ff30,0x0000000086480000)
 Metaspace       used 45473K, capacity 47012K, committed 47232K, reserved 1089536K
  class space    used 6147K, capacity 6468K, committed 6528K, reserved 1048576K
}
Event: 4.881 GC heap before
{Heap before GC invocations=10 (full 2):
 PSYoungGen      total 138240K, used 138232K [0x00000000d5b00000, 0x00000000de700000, 0x0000000100000000)
  eden space 133120K, 100% used [0x00000000d5b00000,0x00000000ddd00000,0x00000000ddd00000)
  from space 5120K, 99% used [0x00000000ddd00000,0x00000000de1fe140,0x00000000de200000)
  to   space 5120K, 0% used [0x00000000de200000,0x00000000de200000,0x00000000de700000)
 ParOldGen       total 86528K, used 25215K [0x0000000081000000, 0x0000000086480000, 0x00000000d5b00000)
  object space 86528K, 29% used [0x0000000081000000,0x000000008289ff30,0x0000000086480000)
 Metaspace       used 48538K, capacity 50536K, committed 50816K, reserved 1093632K
  class space    used 6580K, capacity 6960K, committed 7040K, reserved 1048576K
Event: 4.892 GC heap after
Heap after GC invocations=10 (full 2):
 PSYoungGen      total 138240K, used 5104K [0x00000000d5b00000, 0x00000000de700000, 0x0000000100000000)
  eden space 133120K, 0% used [0x00000000d5b00000,0x00000000d5b00000,0x00000000ddd00000)
  from space 5120K, 99% used [0x00000000de200000,0x00000000de6fc140,0x00000000de700000)
  to   space 5120K, 0% used [0x00000000ddd00000,0x00000000ddd00000,0x00000000de200000)
 ParOldGen       total 86528K, used 31970K [0x0000000081000000, 0x0000000086480000, 0x00000000d5b00000)
  object space 86528K, 36% used [0x0000000081000000,0x0000000082f38ba0,0x0000000086480000)
 Metaspace       used 48538K, capacity 50536K, committed 50816K, reserved 1093632K
  class space    used 6580K, capacity 6960K, committed 7040K, reserved 1048576K
}

