# JRE version: Java(TM) SE Runtime Environment (8.0_172-b11) (build 1.8.0_172-b11)
# Java VM: Java HotSpot(TM) 64-Bit Server VM (25.172-b11 mixed mode windows-amd64 compressed oops)
Heap:
 PSYoungGen      total 121344K, used 114688K [0x00000000d5b00000, 0x00000000deb00000, 0x0000000100000000)
  eden space 114688K, 100% used [0x00000000d5b00000,0x00000000dcb00000,0x00000000dcb00000)
  from space 6656K, 0% used [0x00000000de480000,0x00000000de480000,0x00000000deb00000)
  to   space 7680K, 4% used [0x00000000ddc00000,0x00000000ddc50010,0x00000000de380000)
 ParOldGen       total 50688K, used 14842K [0x0000000081000000, 0x0000000084180000, 0x00000000d5b00000)
  object space 50688K, 29% used [0x0000000081000000,0x0000000081e7ea50,0x0000000084180000)
 Metaspace       used 45048K, capacity 46348K, committed 46848K, reserved 1089536K
  class space    used 6065K, capacity 6368K, committed 6400K, reserved 1048576K
GC Heap History (10 events):
Event: 1.643 GC heap before
{Heap before GC invocations=6 (full 1):
 PSYoungGen      total 71680K, used 5115K [0x00000000d5b00000, 0x00000000dec00000, 0x0000000100000000)
  eden space 66560K, 0% used [0x00000000d5b00000,0x00000000d5b00000,0x00000000d9c00000)
  from space 5120K, 99% used [0x00000000d9c00000,0x00000000da0fee08,0x00000000da100000)
  to   space 7680K, 0% used [0x00000000de480000,0x00000000de480000,0x00000000dec00000)
 ParOldGen       total 87552K, used 5848K [0x0000000081000000, 0x0000000086580000, 0x00000000d5b00000)
  object space 87552K, 6% used [0x0000000081000000,0x00000000815b6390,0x0000000086580000)
 Metaspace       used 20440K, capacity 21092K, committed 21248K, reserved 1067008K
  class space    used 2768K, capacity 2952K, committed 3072K, reserved 1048576K
Event: 1.673 GC heap after
Heap after GC invocations=6 (full 1):
 PSYoungGen      total 71680K, used 0K [0x00000000d5b00000, 0x00000000dec00000, 0x0000000100000000)
  eden space 66560K, 0% used [0x00000000d5b00000,0x00000000d5b00000,0x00000000d9c00000)
  from space 5120K, 0% used [0x00000000d9c00000,0x00000000d9c00000,0x00000000da100000)
  to   space 7680K, 0% used [0x00000000de480000,0x00000000de480000,0x00000000dec00000)
 ParOldGen       total 50688K, used 6153K [0x0000000081000000, 0x0000000084180000, 0x00000000d5b00000)
  object space 50688K, 12% used [0x0000000081000000,0x0000000081602668,0x0000000084180000)
 Metaspace       used 20440K, capacity 21092K, committed 21248K, reserved 1067008K
  class space    used 2768K, capacity 2952K, committed 3072K, reserved 1048576K
}
Event: 1.924 GC heap before
{Heap before GC invocations=7 (full 1):
 PSYoungGen      total 71680K, used 66560K [0x00000000d5b00000, 0x00000000dec00000, 0x0000000100000000)
  eden space 66560K, 100% used [0x00000000d5b00000,0x00000000d9c00000,0x00000000d9c00000)
  from space 5120K, 0% used [0x00000000d9c00000,0x00000000d9c00000,0x00000000da100000)
  to   space 7680K, 0% used [0x00000000de480000,0x00000000de480000,0x00000000dec00000)
 ParOldGen       total 50688K, used 6153K [0x0000000081000000, 0x0000000084180000, 0x00000000d5b00000)
  object space 50688K, 12% used [0x0000000081000000,0x0000000081602668,0x0000000084180000)
 Metaspace       used 24785K, capacity 25542K, committed 25856K, reserved 1071104K
  class space    used 3291K, capacity 3479K, committed 3584K, reserved 1048576K
Event: 1.931 GC heap after
Heap after GC invocations=7 (full 1):
 PSYoungGen      total 121344K, used 6580K [0x00000000d5b00000, 0x00000000deb00000, 0x0000000100000000)
  eden space 114688K, 0% used [0x00000000d5b00000,0x00000000d5b00000,0x00000000dcb00000)
  from space 6656K, 98% used [0x00000000de480000,0x00000000deaed398,0x00000000deb00000)
  to   space 7680K, 0% used [0x00000000ddc00000,0x00000000ddc00000,0x00000000de380000)
 ParOldGen       total 50688K, used 6161K [0x0000000081000000, 0x0000000084180000, 0x00000000d5b00000)
  object space 50688K, 12% used [0x0000000081000000,0x0000000081604668,0x0000000084180000)
 Metaspace       used 24785K, capacity 25542K, committed 25856K, reserved 1071104K
  class space    used 3291K, capacity 3479K, committed 3584K, reserved 1048576K
}
Event: 2.790 GC heap before
{Heap before GC invocations=8 (full 1):
 PSYoungGen      total 121344K, used 121268K [0x00000000d5b00000, 0x00000000deb00000, 0x0000000100000000)
  eden space 114688K, 100% used [0x00000000d5b00000,0x00000000dcb00000,0x00000000dcb00000)
  from space 6656K, 98% used [0x00000000de480000,0x00000000deaed398,0x00000000deb00000)
  to   space 7680K, 0% used [0x00000000ddc00000,0x00000000ddc00000,0x00000000de380000)
 ParOldGen       total 50688K, used 6161K [0x0000000081000000, 0x0000000084180000, 0x00000000d5b00000)
  object space 50688K, 12% used [0x0000000081000000,0x0000000081604668,0x0000000084180000)
 Metaspace       used 30651K, capacity 31660K, committed 31744K, reserved 1077248K
  class space    used 4023K, capacity 4276K, committed 4352K, reserved 1048576K
Event: 2.798 GC heap after
Heap after GC invocations=8 (full 1):
 PSYoungGen      total 122368K, used 7674K [0x00000000d5b00000, 0x00000000deb00000, 0x0000000100000000)
  eden space 114688K, 0% used [0x00000000d5b00000,0x00000000d5b00000,0x00000000dcb00000)
  from space 7680K, 99% used [0x00000000ddc00000,0x00000000de37e940,0x00000000de380000)
  to   space 6656K, 0% used [0x00000000de480000,0x00000000de480000,0x00000000deb00000)
 ParOldGen       total 50688K, used 7474K [0x0000000081000000, 0x0000000084180000, 0x00000000d5b00000)
  object space 50688K, 14% used [0x0000000081000000,0x000000008174c928,0x0000000084180000)
 Metaspace       used 30651K, capacity 31660K, committed 31744K, reserved 1077248K
  class space    used 4023K, capacity 4276K, committed 4352K, reserved 1048576K
}
Event: 3.222 GC heap before
{Heap before GC invocations=9 (full 1):
 PSYoungGen      total 122368K, used 68362K [0x00000000d5b00000, 0x00000000deb00000, 0x0000000100000000)
  eden space 114688K, 52% used [0x00000000d5b00000,0x00000000d9644118,0x00000000dcb00000)
  from space 7680K, 99% used [0x00000000ddc00000,0x00000000de37e940,0x00000000de380000)
  to   space 6656K, 0% used [0x00000000de480000,0x00000000de480000,0x00000000deb00000)
 ParOldGen       total 50688K, used 7474K [0x0000000081000000, 0x0000000084180000, 0x00000000d5b00000)
  object space 50688K, 14% used [0x0000000081000000,0x000000008174c928,0x0000000084180000)
 Metaspace       used 34137K, capacity 35316K, committed 35416K, reserved 1079296K
  class space    used 4549K, capacity 4820K, committed 4864K, reserved 1048576K
Event: 3.230 GC heap after
Heap after GC invocations=9 (full 1):
 PSYoungGen      total 121344K, used 6640K [0x00000000d5b00000, 0x00000000deb00000, 0x0000000100000000)
  eden space 114688K, 0% used [0x00000000d5b00000,0x00000000d5b00000,0x00000000dcb00000)
  from space 6656K, 99% used [0x00000000de480000,0x00000000deafc030,0x00000000deb00000)
  to   space 7680K, 0% used [0x00000000ddc00000,0x00000000ddc00000,0x00000000de380000)
 ParOldGen       total 50688K, used 10630K [0x0000000081000000, 0x0000000084180000, 0x00000000d5b00000)
  object space 50688K, 20% used [0x0000000081000000,0x0000000081a61a98,0x0000000084180000)
 Metaspace       used 34137K, capacity 35316K, committed 35416K, reserved 1079296K
  class space    used 4549K, capacity 4820K, committed 4864K, reserved 1048576K
}
Event: 3.230 GC heap before
{Heap before GC invocations=10 (full 2):
 PSYoungGen      total 121344K, used 6640K [0x00000000d5b00000, 0x00000000deb00000, 0x0000000100000000)
  eden space 114688K, 0% used [0x00000000d5b00000,0x00000000d5b00000,0x00000000dcb00000)
  from space 6656K, 99% used [0x00000000de480000,0x00000000deafc030,0x00000000deb00000)
  to   space 7680K, 0% used [0x00000000ddc00000,0x00000000ddc00000,0x00000000de380000)
 ParOldGen       total 50688K, used 10630K [0x0000000081000000, 0x0000000084180000, 0x00000000d5b00000)
  object space 50688K, 20% used [0x0000000081000000,0x0000000081a61a98,0x0000000084180000)
 Metaspace       used 34137K, capacity 35316K, committed 35416K, reserved 1079296K
  class space    used 4549K, capacity 4820K, committed 4864K, reserved 1048576K
Event: 3.293 GC heap after
Heap after GC invocations=10 (full 2):
 PSYoungGen      total 121344K, used 0K [0x00000000d5b00000, 0x00000000deb00000, 0x0000000100000000)
  eden space 114688K, 0% used [0x00000000d5b00000,0x00000000d5b00000,0x00000000dcb00000)
  from space 6656K, 0% used [0x00000000de480000,0x00000000de480000,0x00000000deb00000)
  to   space 7680K, 0% used [0x00000000ddc00000,0x00000000ddc00000,0x00000000de380000)
 ParOldGen       total 50688K, used 14842K [0x0000000081000000, 0x0000000084180000, 0x00000000d5b00000)
  object space 50688K, 29% used [0x0000000081000000,0x0000000081e7ea50,0x0000000084180000)
 Metaspace       used 34137K, capacity 35316K, committed 35416K, reserved 1079296K
  class space    used 4549K, capacity 4820K, committed 4864K, reserved 1048576K
}

